## Footprint report - date 2019 July 22, Monday 15:20:12
## Created by Pcbnew version kicad (5.1.2-1)-1
## Unit = mm, Angle = deg.

$BeginDESCRIPTION

$BOARD
upper_left_corner -2.098809 -3.297500
lower_right_corner 101.098810 71.460001
$EndBOARD

$MODULE "J19"
reference "J19"
value "FTDI_AUX"
footprint "Connector_PinHeader_2.54mm:PinHeader_1x06_P2.54mm_Vertical"
attribut none
position 35.420000 37.920000  orientation 90.00
layer front
$PAD "6"
Shape Oval Layer both
position  0.000000 12.700000  size  1.700000  1.700000  orientation 0.00
drill  1.000000
shape_offset  0.000000  0.000000
$EndPAD
$PAD "5"
Shape Oval Layer both
position  0.000000 10.160000  size  1.700000  1.700000  orientation 0.00
drill  1.000000
shape_offset  0.000000  0.000000
$EndPAD
$PAD "4"
Shape Oval Layer both
position  0.000000  7.620000  size  1.700000  1.700000  orientation 0.00
drill  1.000000
shape_offset  0.000000  0.000000
$EndPAD
$PAD "3"
Shape Oval Layer both
position  0.000000  5.080000  size  1.700000  1.700000  orientation 0.00
drill  1.000000
shape_offset  0.000000  0.000000
$EndPAD
$PAD "2"
Shape Oval Layer both
position  0.000000  2.540000  size  1.700000  1.700000  orientation 0.00
drill  1.000000
shape_offset  0.000000  0.000000
$EndPAD
$PAD "1"
Shape Rect Layer both
position  0.000000  0.000000  size  1.700000  1.700000  orientation 0.00
drill  1.000000
shape_offset  0.000000  0.000000
$EndPAD
$EndMODULE  J19

$MODULE "R13"
reference "R13"
value "47.5K"
footprint "Resistor_THT:R_Axial_DIN0204_L3.6mm_D1.6mm_P7.62mm_Horizontal"
attribut none
position 57.430000 31.115000  orientation 180.00
layer front
$PAD "2"
Shape Oval Layer both
position  7.620000  0.000000  size  1.400000  1.400000  orientation 0.00
drill  0.700000
shape_offset  0.000000  0.000000
$EndPAD
$PAD "1"
Shape Circle Layer both
position  0.000000  0.000000  size  1.400000  1.400000  orientation 0.00
drill  0.700000
shape_offset  0.000000  0.000000
$EndPAD
$EndMODULE  R13

$MODULE "R12"
reference "R12"
value "22.1K"
footprint "Resistor_THT:R_Axial_DIN0204_L3.6mm_D1.6mm_P7.62mm_Horizontal"
attribut none
position 57.447500 27.305000  orientation 180.00
layer front
$PAD "2"
Shape Oval Layer both
position  7.620000  0.000000  size  1.400000  1.400000  orientation 0.00
drill  0.700000
shape_offset  0.000000  0.000000
$EndPAD
$PAD "1"
Shape Circle Layer both
position  0.000000  0.000000  size  1.400000  1.400000  orientation 0.00
drill  0.700000
shape_offset  0.000000  0.000000
$EndPAD
$EndMODULE  R12

$MODULE "R6"
reference "R6"
value "Rsense"
footprint "Resistor_THT:R_Axial_DIN0204_L3.6mm_D1.6mm_P7.62mm_Horizontal"
attribut none
position 63.500000  7.620000  orientation 270.00
layer front
$PAD "2"
Shape Oval Layer both
position  7.620000  0.000000  size  1.400000  1.400000  orientation 0.00
drill  0.700000
shape_offset  0.000000  0.000000
$EndPAD
$PAD "1"
Shape Circle Layer both
position  0.000000  0.000000  size  1.400000  1.400000  orientation 0.00
drill  0.700000
shape_offset  0.000000  0.000000
$EndPAD
$EndMODULE  R6

$MODULE "R5"
reference "R5"
value "Rgnd"
footprint "Resistor_THT:R_Axial_DIN0204_L3.6mm_D1.6mm_P7.62mm_Horizontal"
attribut none
position 59.690000  7.620000  orientation 270.00
layer front
$PAD "2"
Shape Oval Layer both
position  7.620000  0.000000  size  1.400000  1.400000  orientation 0.00
drill  0.700000
shape_offset  0.000000  0.000000
$EndPAD
$PAD "1"
Shape Circle Layer both
position  0.000000  0.000000  size  1.400000  1.400000  orientation 0.00
drill  0.700000
shape_offset  0.000000  0.000000
$EndPAD
$EndMODULE  R5

$MODULE "R4"
reference "R4"
value "Rprot"
footprint "Resistor_THT:R_Axial_DIN0204_L3.6mm_D1.6mm_P7.62mm_Horizontal"
attribut none
position 67.310000  7.620000  orientation 270.00
layer front
$PAD "2"
Shape Oval Layer both
position  7.620000  0.000000  size  1.400000  1.400000  orientation 0.00
drill  0.700000
shape_offset  0.000000  0.000000
$EndPAD
$PAD "1"
Shape Circle Layer both
position  0.000000  0.000000  size  1.400000  1.400000  orientation 0.00
drill  0.700000
shape_offset  0.000000  0.000000
$EndPAD
$EndMODULE  R4

$MODULE "R3"
reference "R3"
value "Rprot"
footprint "Resistor_THT:R_Axial_DIN0204_L3.6mm_D1.6mm_P7.62mm_Horizontal"
attribut none
position 67.310000 25.400000  orientation 90.00
layer front
$PAD "2"
Shape Oval Layer both
position  7.620000  0.000000  size  1.400000  1.400000  orientation 0.00
drill  0.700000
shape_offset  0.000000  0.000000
$EndPAD
$PAD "1"
Shape Circle Layer both
position  0.000000  0.000000  size  1.400000  1.400000  orientation 0.00
drill  0.700000
shape_offset  0.000000  0.000000
$EndPAD
$EndMODULE  R3

$MODULE "J18"
reference "J18"
value "extra"
footprint "Connector_PinHeader_2.54mm:PinHeader_1x03_P2.54mm_Vertical"
attribut none
position 31.750000 57.785000  orientation 180.00
layer front
$PAD "3"
Shape Oval Layer both
position  0.000000  5.080000  size  1.700000  1.700000  orientation 0.00
drill  1.000000
shape_offset  0.000000  0.000000
$EndPAD
$PAD "2"
Shape Oval Layer both
position  0.000000  2.540000  size  1.700000  1.700000  orientation 0.00
drill  1.000000
shape_offset  0.000000  0.000000
$EndPAD
$PAD "1"
Shape Rect Layer both
position  0.000000  0.000000  size  1.700000  1.700000  orientation 0.00
drill  1.000000
shape_offset  0.000000  0.000000
$EndPAD
$EndMODULE  J18

$MODULE "J12"
reference "J12"
value "USB_A"
footprint "Connector_USB:USB_B_OST_USB-B1HSxx_Horizontal"
attribut none
position 46.030000 49.745000  orientation 270.00
layer front
$PAD "1"
Shape Rect Layer both
position  0.000000  0.000000  size  1.700000  1.700000  orientation 0.00
drill  0.920000
shape_offset  0.000000  0.000000
$EndPAD
$PAD "2"
Shape Circle Layer both
position  0.000000  2.500000  size  1.700000  1.700000  orientation 0.00
drill  0.920000
shape_offset  0.000000  0.000000
$EndPAD
$PAD "3"
Shape Circle Layer both
position  2.000000  2.500000  size  1.700000  1.700000  orientation 0.00
drill  0.920000
shape_offset  0.000000  0.000000
$EndPAD
$PAD "4"
Shape Circle Layer both
position  2.000000  0.000000  size  1.700000  1.700000  orientation 0.00
drill  0.920000
shape_offset  0.000000  0.000000
$EndPAD
$PAD "5"
Shape Circle Layer both
position  4.710000 -4.770000  size  3.500000  3.500000  orientation 0.00
drill  2.330000
shape_offset  0.000000  0.000000
$EndPAD
$PAD "5"
Shape Circle Layer both
position  4.710000  7.270000  size  3.500000  3.500000  orientation 0.00
drill  2.330000
shape_offset  0.000000  0.000000
$EndPAD
$EndMODULE  J12

$MODULE "K1"
reference "K1"
value "vn920b5"
footprint "Package_TO_SOT_SMD:TO-263-4"
attribut smd
position 76.200000 11.430000  orientation 90.00
layer front
$PAD "1"
Shape Rect Layer front
position -5.775000 -3.400000  size  4.600000  1.100000  orientation 0.00
drill  0.000000
shape_offset  0.000000  0.000000
$EndPAD
$PAD "2"
Shape Rect Layer front
position -5.775000 -1.700000  size  4.600000  1.100000  orientation 0.00
drill  0.000000
shape_offset  0.000000  0.000000
$EndPAD
$PAD "4"
Shape Rect Layer front
position -5.775000  1.700000  size  4.600000  1.100000  orientation 0.00
drill  0.000000
shape_offset  0.000000  0.000000
$EndPAD
$PAD "5"
Shape Rect Layer front
position -5.775000  3.400000  size  4.600000  1.100000  orientation 0.00
drill  0.000000
shape_offset  0.000000  0.000000
$EndPAD
$PAD "3"
Shape Rect Layer front
position  3.375000  0.000000  size  9.400000 10.800000  orientation 0.00
drill  0.000000
shape_offset  0.000000  0.000000
$EndPAD
$PAD ""
Shape Rect Layer nocopper
position  5.800000  2.775000  size  4.550000  5.250000  orientation 0.00
drill  0.000000
shape_offset  0.000000  0.000000
$EndPAD
$PAD ""
Shape Rect Layer nocopper
position  0.950000 -2.775000  size  4.550000  5.250000  orientation 0.00
drill  0.000000
shape_offset  0.000000  0.000000
$EndPAD
$PAD ""
Shape Rect Layer nocopper
position  5.800000 -2.775000  size  4.550000  5.250000  orientation 0.00
drill  0.000000
shape_offset  0.000000  0.000000
$EndPAD
$PAD ""
Shape Rect Layer nocopper
position  0.950000  2.775000  size  4.550000  5.250000  orientation 0.00
drill  0.000000
shape_offset  0.000000  0.000000
$EndPAD
$PAD "3"
Shape Circle Layer both
position  0.000000 -4.000000  size  1.524000  1.524000  orientation 0.00
drill  0.762000
shape_offset  0.000000  0.000000
$EndPAD
$PAD "3"
Shape Circle Layer both
position  4.000000 -4.000000  size  1.524000  1.524000  orientation 0.00
drill  0.762000
shape_offset  0.000000  0.000000
$EndPAD
$PAD "3"
Shape Circle Layer both
position  2.000000 -2.000000  size  1.524000  1.524000  orientation 0.00
drill  0.762000
shape_offset  0.000000  0.000000
$EndPAD
$PAD "3"
Shape Circle Layer both
position  0.000000  0.000000  size  1.524000  1.524000  orientation 0.00
drill  0.762000
shape_offset  0.000000  0.000000
$EndPAD
$PAD "3"
Shape Circle Layer both
position  4.000000  0.000000  size  1.524000  1.524000  orientation 0.00
drill  0.762000
shape_offset  0.000000  0.000000
$EndPAD
$PAD "3"
Shape Circle Layer both
position  2.000000  2.000000  size  1.524000  1.524000  orientation 0.00
drill  0.762000
shape_offset  0.000000  0.000000
$EndPAD
$PAD "3"
Shape Circle Layer both
position  0.000000  4.000000  size  1.524000  1.524000  orientation 0.00
drill  0.762000
shape_offset  0.000000  0.000000
$EndPAD
$PAD "3"
Shape Circle Layer both
position  4.000000  4.000000  size  1.524000  1.524000  orientation 0.00
drill  0.762000
shape_offset  0.000000  0.000000
$EndPAD
$PAD "3"
Shape Circle Layer both
position  6.000000  2.000000  size  1.524000  1.524000  orientation 0.00
drill  0.762000
shape_offset  0.000000  0.000000
$EndPAD
$PAD "3"
Shape Circle Layer both
position  6.000000 -2.000000  size  1.524000  1.524000  orientation 0.00
drill  0.762000
shape_offset  0.000000  0.000000
$EndPAD
$EndMODULE  K1

$MODULE "U5"
reference "U5"
value "LP2985-5.0"
footprint "Package_TO_SOT_SMD:TSOT-23-5"
attribut smd
position 63.165000 45.120000  orientation 0.00
layer front
$PAD "5"
Shape Rect Layer front
position  1.310000 -0.950000  size  1.220000  0.650000  orientation 0.00
drill  0.000000
shape_offset  0.000000  0.000000
$EndPAD
$PAD "4"
Shape Rect Layer front
position  1.310000  0.950000  size  1.220000  0.650000  orientation 0.00
drill  0.000000
shape_offset  0.000000  0.000000
$EndPAD
$PAD "3"
Shape Rect Layer front
position -1.310000  0.950000  size  1.220000  0.650000  orientation 0.00
drill  0.000000
shape_offset  0.000000  0.000000
$EndPAD
$PAD "2"
Shape Rect Layer front
position -1.310000  0.000000  size  1.220000  0.650000  orientation 0.00
drill  0.000000
shape_offset  0.000000  0.000000
$EndPAD
$PAD "1"
Shape Rect Layer front
position -1.310000 -0.950000  size  1.220000  0.650000  orientation 0.00
drill  0.000000
shape_offset  0.000000  0.000000
$EndPAD
$EndMODULE  U5

$MODULE "U4"
reference "U4"
value "AP2112K-3.3"
footprint "Package_TO_SOT_SMD:TSOT-23-5"
attribut smd
position 63.190000 40.030000  orientation 0.00
layer front
$PAD "5"
Shape Rect Layer front
position  1.310000 -0.950000  size  1.220000  0.650000  orientation 0.00
drill  0.000000
shape_offset  0.000000  0.000000
$EndPAD
$PAD "4"
Shape Rect Layer front
position  1.310000  0.950000  size  1.220000  0.650000  orientation 0.00
drill  0.000000
shape_offset  0.000000  0.000000
$EndPAD
$PAD "3"
Shape Rect Layer front
position -1.310000  0.950000  size  1.220000  0.650000  orientation 0.00
drill  0.000000
shape_offset  0.000000  0.000000
$EndPAD
$PAD "2"
Shape Rect Layer front
position -1.310000  0.000000  size  1.220000  0.650000  orientation 0.00
drill  0.000000
shape_offset  0.000000  0.000000
$EndPAD
$PAD "1"
Shape Rect Layer front
position -1.310000 -0.950000  size  1.220000  0.650000  orientation 0.00
drill  0.000000
shape_offset  0.000000  0.000000
$EndPAD
$EndMODULE  U4

$MODULE "J16"
reference "J16"
value "SUSPENDS"
footprint "Connector_PinHeader_2.54mm:PinHeader_1x02_P2.54mm_Vertical"
attribut none
position 55.000000 47.000000  orientation 180.00
layer front
$PAD "2"
Shape Oval Layer both
position  0.000000  2.540000  size  1.700000  1.700000  orientation 0.00
drill  1.000000
shape_offset  0.000000  0.000000
$EndPAD
$PAD "1"
Shape Rect Layer both
position  0.000000  0.000000  size  1.700000  1.700000  orientation 0.00
drill  1.000000
shape_offset  0.000000  0.000000
$EndPAD
$EndMODULE  J16

$MODULE "U3"
reference "U3"
value "CP2102N-A01-GQFN24"
footprint "Package_DFN_QFN:QFN-28-1EP_5x5mm_P0.5mm_EP3.35x3.35mm"
attribut smd
position 42.360000 44.340000  orientation 90.00
layer front
$PAD "28"
Shape Roundrect Layer front
position -1.500000 -2.450000  size  0.250000  0.800000  orientation 0.00
drill  0.000000
shape_offset  0.000000  0.000000
$EndPAD
$PAD "27"
Shape Roundrect Layer front
position -1.000000 -2.450000  size  0.250000  0.800000  orientation 0.00
drill  0.000000
shape_offset  0.000000  0.000000
$EndPAD
$PAD "26"
Shape Roundrect Layer front
position -0.500000 -2.450000  size  0.250000  0.800000  orientation 0.00
drill  0.000000
shape_offset  0.000000  0.000000
$EndPAD
$PAD "25"
Shape Roundrect Layer front
position  0.000000 -2.450000  size  0.250000  0.800000  orientation 0.00
drill  0.000000
shape_offset  0.000000  0.000000
$EndPAD
$PAD "24"
Shape Roundrect Layer front
position  0.500000 -2.450000  size  0.250000  0.800000  orientation 0.00
drill  0.000000
shape_offset  0.000000  0.000000
$EndPAD
$PAD "23"
Shape Roundrect Layer front
position  1.000000 -2.450000  size  0.250000  0.800000  orientation 0.00
drill  0.000000
shape_offset  0.000000  0.000000
$EndPAD
$PAD "22"
Shape Roundrect Layer front
position  1.500000 -2.450000  size  0.250000  0.800000  orientation 0.00
drill  0.000000
shape_offset  0.000000  0.000000
$EndPAD
$PAD "21"
Shape Roundrect Layer front
position  2.450000 -1.500000  size  0.800000  0.250000  orientation 0.00
drill  0.000000
shape_offset  0.000000  0.000000
$EndPAD
$PAD "20"
Shape Roundrect Layer front
position  2.450000 -1.000000  size  0.800000  0.250000  orientation 0.00
drill  0.000000
shape_offset  0.000000  0.000000
$EndPAD
$PAD "19"
Shape Roundrect Layer front
position  2.450000 -0.500000  size  0.800000  0.250000  orientation 0.00
drill  0.000000
shape_offset  0.000000  0.000000
$EndPAD
$PAD "18"
Shape Roundrect Layer front
position  2.450000  0.000000  size  0.800000  0.250000  orientation 0.00
drill  0.000000
shape_offset  0.000000  0.000000
$EndPAD
$PAD "17"
Shape Roundrect Layer front
position  2.450000  0.500000  size  0.800000  0.250000  orientation 0.00
drill  0.000000
shape_offset  0.000000  0.000000
$EndPAD
$PAD "16"
Shape Roundrect Layer front
position  2.450000  1.000000  size  0.800000  0.250000  orientation 0.00
drill  0.000000
shape_offset  0.000000  0.000000
$EndPAD
$PAD "15"
Shape Roundrect Layer front
position  2.450000  1.500000  size  0.800000  0.250000  orientation 0.00
drill  0.000000
shape_offset  0.000000  0.000000
$EndPAD
$PAD "14"
Shape Roundrect Layer front
position  1.500000  2.450000  size  0.250000  0.800000  orientation 0.00
drill  0.000000
shape_offset  0.000000  0.000000
$EndPAD
$PAD "13"
Shape Roundrect Layer front
position  1.000000  2.450000  size  0.250000  0.800000  orientation 0.00
drill  0.000000
shape_offset  0.000000  0.000000
$EndPAD
$PAD "12"
Shape Roundrect Layer front
position  0.500000  2.450000  size  0.250000  0.800000  orientation 0.00
drill  0.000000
shape_offset  0.000000  0.000000
$EndPAD
$PAD "11"
Shape Roundrect Layer front
position  0.000000  2.450000  size  0.250000  0.800000  orientation 0.00
drill  0.000000
shape_offset  0.000000  0.000000
$EndPAD
$PAD "10"
Shape Roundrect Layer front
position -0.500000  2.450000  size  0.250000  0.800000  orientation 0.00
drill  0.000000
shape_offset  0.000000  0.000000
$EndPAD
$PAD "9"
Shape Roundrect Layer front
position -1.000000  2.450000  size  0.250000  0.800000  orientation 0.00
drill  0.000000
shape_offset  0.000000  0.000000
$EndPAD
$PAD "8"
Shape Roundrect Layer front
position -1.500000  2.450000  size  0.250000  0.800000  orientation 0.00
drill  0.000000
shape_offset  0.000000  0.000000
$EndPAD
$PAD "7"
Shape Roundrect Layer front
position -2.450000  1.500000  size  0.800000  0.250000  orientation 0.00
drill  0.000000
shape_offset  0.000000  0.000000
$EndPAD
$PAD "6"
Shape Roundrect Layer front
position -2.450000  1.000000  size  0.800000  0.250000  orientation 0.00
drill  0.000000
shape_offset  0.000000  0.000000
$EndPAD
$PAD "5"
Shape Roundrect Layer front
position -2.450000  0.500000  size  0.800000  0.250000  orientation 0.00
drill  0.000000
shape_offset  0.000000  0.000000
$EndPAD
$PAD "4"
Shape Roundrect Layer front
position -2.450000  0.000000  size  0.800000  0.250000  orientation 0.00
drill  0.000000
shape_offset  0.000000  0.000000
$EndPAD
$PAD "3"
Shape Roundrect Layer front
position -2.450000 -0.500000  size  0.800000  0.250000  orientation 0.00
drill  0.000000
shape_offset  0.000000  0.000000
$EndPAD
$PAD "2"
Shape Roundrect Layer front
position -2.450000 -1.000000  size  0.800000  0.250000  orientation 0.00
drill  0.000000
shape_offset  0.000000  0.000000
$EndPAD
$PAD "1"
Shape Roundrect Layer front
position -2.450000 -1.500000  size  0.800000  0.250000  orientation 0.00
drill  0.000000
shape_offset  0.000000  0.000000
$EndPAD
$PAD ""
Shape Roundrect Layer nocopper
position  1.120000  1.120000  size  0.900000  0.900000  orientation 0.00
drill  0.000000
shape_offset  0.000000  0.000000
$EndPAD
$PAD ""
Shape Roundrect Layer nocopper
position  1.120000  0.000000  size  0.900000  0.900000  orientation 0.00
drill  0.000000
shape_offset  0.000000  0.000000
$EndPAD
$PAD ""
Shape Roundrect Layer nocopper
position  1.120000 -1.120000  size  0.900000  0.900000  orientation 0.00
drill  0.000000
shape_offset  0.000000  0.000000
$EndPAD
$PAD ""
Shape Roundrect Layer nocopper
position  0.000000  1.120000  size  0.900000  0.900000  orientation 0.00
drill  0.000000
shape_offset  0.000000  0.000000
$EndPAD
$PAD ""
Shape Roundrect Layer nocopper
position  0.000000  0.000000  size  0.900000  0.900000  orientation 0.00
drill  0.000000
shape_offset  0.000000  0.000000
$EndPAD
$PAD ""
Shape Roundrect Layer nocopper
position  0.000000 -1.120000  size  0.900000  0.900000  orientation 0.00
drill  0.000000
shape_offset  0.000000  0.000000
$EndPAD
$PAD ""
Shape Roundrect Layer nocopper
position -1.120000  1.120000  size  0.900000  0.900000  orientation 0.00
drill  0.000000
shape_offset  0.000000  0.000000
$EndPAD
$PAD ""
Shape Roundrect Layer nocopper
position -1.120000  0.000000  size  0.900000  0.900000  orientation 0.00
drill  0.000000
shape_offset  0.000000  0.000000
$EndPAD
$PAD ""
Shape Roundrect Layer nocopper
position -1.120000 -1.120000  size  0.900000  0.900000  orientation 0.00
drill  0.000000
shape_offset  0.000000  0.000000
$EndPAD
$PAD "29"
Shape Roundrect Layer front
position  0.000000  0.000000  size  3.350000  3.350000  orientation 0.00
drill  0.000000
shape_offset  0.000000  0.000000
$EndPAD
$EndMODULE  U3

$MODULE "U1"
reference "U1"
value "ESP-32S"
footprint "RF_Module:ESP32-WROOM-32"
attribut smd
position 19.050000 50.435000  orientation 180.00
layer front
$PAD "38"
Shape Rect Layer front
position  8.500000 -8.255000  size  2.000000  0.900000  orientation 0.00
drill  0.000000
shape_offset  0.000000  0.000000
$EndPAD
$PAD "37"
Shape Rect Layer front
position  8.500000 -6.985000  size  2.000000  0.900000  orientation 0.00
drill  0.000000
shape_offset  0.000000  0.000000
$EndPAD
$PAD "36"
Shape Rect Layer front
position  8.500000 -5.715000  size  2.000000  0.900000  orientation 0.00
drill  0.000000
shape_offset  0.000000  0.000000
$EndPAD
$PAD "35"
Shape Rect Layer front
position  8.500000 -4.445000  size  2.000000  0.900000  orientation 0.00
drill  0.000000
shape_offset  0.000000  0.000000
$EndPAD
$PAD "34"
Shape Rect Layer front
position  8.500000 -3.175000  size  2.000000  0.900000  orientation 0.00
drill  0.000000
shape_offset  0.000000  0.000000
$EndPAD
$PAD "33"
Shape Rect Layer front
position  8.500000 -1.905000  size  2.000000  0.900000  orientation 0.00
drill  0.000000
shape_offset  0.000000  0.000000
$EndPAD
$PAD "32"
Shape Rect Layer front
position  8.500000 -0.635000  size  2.000000  0.900000  orientation 0.00
drill  0.000000
shape_offset  0.000000  0.000000
$EndPAD
$PAD "31"
Shape Rect Layer front
position  8.500000  0.635000  size  2.000000  0.900000  orientation 0.00
drill  0.000000
shape_offset  0.000000  0.000000
$EndPAD
$PAD "30"
Shape Rect Layer front
position  8.500000  1.905000  size  2.000000  0.900000  orientation 0.00
drill  0.000000
shape_offset  0.000000  0.000000
$EndPAD
$PAD "29"
Shape Rect Layer front
position  8.500000  3.175000  size  2.000000  0.900000  orientation 0.00
drill  0.000000
shape_offset  0.000000  0.000000
$EndPAD
$PAD "28"
Shape Rect Layer front
position  8.500000  4.445000  size  2.000000  0.900000  orientation 0.00
drill  0.000000
shape_offset  0.000000  0.000000
$EndPAD
$PAD "27"
Shape Rect Layer front
position  8.500000  5.715000  size  2.000000  0.900000  orientation 0.00
drill  0.000000
shape_offset  0.000000  0.000000
$EndPAD
$PAD "26"
Shape Rect Layer front
position  8.500000  6.985000  size  2.000000  0.900000  orientation 0.00
drill  0.000000
shape_offset  0.000000  0.000000
$EndPAD
$PAD "25"
Shape Rect Layer front
position  8.500000  8.255000  size  2.000000  0.900000  orientation 0.00
drill  0.000000
shape_offset  0.000000  0.000000
$EndPAD
$PAD "24"
Shape Rect Layer front
position  5.715000  9.255000  size  2.000000  0.900000  orientation 90.00
drill  0.000000
shape_offset  0.000000  0.000000
$EndPAD
$PAD "23"
Shape Rect Layer front
position  4.445000  9.255000  size  2.000000  0.900000  orientation 90.00
drill  0.000000
shape_offset  0.000000  0.000000
$EndPAD
$PAD "22"
Shape Rect Layer front
position  3.175000  9.255000  size  2.000000  0.900000  orientation 90.00
drill  0.000000
shape_offset  0.000000  0.000000
$EndPAD
$PAD "21"
Shape Rect Layer front
position  1.905000  9.255000  size  2.000000  0.900000  orientation 90.00
drill  0.000000
shape_offset  0.000000  0.000000
$EndPAD
$PAD "20"
Shape Rect Layer front
position  0.635000  9.255000  size  2.000000  0.900000  orientation 90.00
drill  0.000000
shape_offset  0.000000  0.000000
$EndPAD
$PAD "19"
Shape Rect Layer front
position -0.635000  9.255000  size  2.000000  0.900000  orientation 90.00
drill  0.000000
shape_offset  0.000000  0.000000
$EndPAD
$PAD "18"
Shape Rect Layer front
position -1.905000  9.255000  size  2.000000  0.900000  orientation 90.00
drill  0.000000
shape_offset  0.000000  0.000000
$EndPAD
$PAD "17"
Shape Rect Layer front
position -3.175000  9.255000  size  2.000000  0.900000  orientation 90.00
drill  0.000000
shape_offset  0.000000  0.000000
$EndPAD
$PAD "16"
Shape Rect Layer front
position -4.445000  9.255000  size  2.000000  0.900000  orientation 90.00
drill  0.000000
shape_offset  0.000000  0.000000
$EndPAD
$PAD "15"
Shape Rect Layer front
position -5.715000  9.255000  size  2.000000  0.900000  orientation 90.00
drill  0.000000
shape_offset  0.000000  0.000000
$EndPAD
$PAD "14"
Shape Rect Layer front
position -8.500000  8.255000  size  2.000000  0.900000  orientation 0.00
drill  0.000000
shape_offset  0.000000  0.000000
$EndPAD
$PAD "13"
Shape Rect Layer front
position -8.500000  6.985000  size  2.000000  0.900000  orientation 0.00
drill  0.000000
shape_offset  0.000000  0.000000
$EndPAD
$PAD "12"
Shape Rect Layer front
position -8.500000  5.715000  size  2.000000  0.900000  orientation 0.00
drill  0.000000
shape_offset  0.000000  0.000000
$EndPAD
$PAD "11"
Shape Rect Layer front
position -8.500000  4.445000  size  2.000000  0.900000  orientation 0.00
drill  0.000000
shape_offset  0.000000  0.000000
$EndPAD
$PAD "10"
Shape Rect Layer front
position -8.500000  3.175000  size  2.000000  0.900000  orientation 0.00
drill  0.000000
shape_offset  0.000000  0.000000
$EndPAD
$PAD "9"
Shape Rect Layer front
position -8.500000  1.905000  size  2.000000  0.900000  orientation 0.00
drill  0.000000
shape_offset  0.000000  0.000000
$EndPAD
$PAD "8"
Shape Rect Layer front
position -8.500000  0.635000  size  2.000000  0.900000  orientation 0.00
drill  0.000000
shape_offset  0.000000  0.000000
$EndPAD
$PAD "7"
Shape Rect Layer front
position -8.500000 -0.635000  size  2.000000  0.900000  orientation 0.00
drill  0.000000
shape_offset  0.000000  0.000000
$EndPAD
$PAD "6"
Shape Rect Layer front
position -8.500000 -1.905000  size  2.000000  0.900000  orientation 0.00
drill  0.000000
shape_offset  0.000000  0.000000
$EndPAD
$PAD "5"
Shape Rect Layer front
position -8.500000 -3.175000  size  2.000000  0.900000  orientation 0.00
drill  0.000000
shape_offset  0.000000  0.000000
$EndPAD
$PAD "4"
Shape Rect Layer front
position -8.500000 -4.445000  size  2.000000  0.900000  orientation 0.00
drill  0.000000
shape_offset  0.000000  0.000000
$EndPAD
$PAD "3"
Shape Rect Layer front
position -8.500000 -5.715000  size  2.000000  0.900000  orientation 0.00
drill  0.000000
shape_offset  0.000000  0.000000
$EndPAD
$PAD "2"
Shape Rect Layer front
position -8.500000 -6.985000  size  2.000000  0.900000  orientation 0.00
drill  0.000000
shape_offset  0.000000  0.000000
$EndPAD
$PAD "1"
Shape Rect Layer front
position -8.500000 -8.255000  size  2.000000  0.900000  orientation 0.00
drill  0.000000
shape_offset  0.000000  0.000000
$EndPAD
$PAD "39"
Shape Rect Layer front
position -1.000000 -0.755000  size  5.000000  5.000000  orientation 0.00
drill  0.000000
shape_offset  0.000000  0.000000
$EndPAD
$EndMODULE  U1

$MODULE "H6"
reference "H6"
value "MountingHole"
footprint "MountingHole:MountingHole_3.2mm_M3_ISO14580"
attribut virtual
position 96.000000  3.000000  orientation 0.00
layer front
$PAD "1"
Shape Circle Layer both
position  0.000000  0.000000  size  3.200000  3.200000  orientation 0.00
drill  3.200000
shape_offset  0.000000  0.000000
$EndPAD
$EndMODULE  H6

$MODULE "H5"
reference "H5"
value "MountingHole"
footprint "MountingHole:MountingHole_3.2mm_M3_ISO14580"
attribut virtual
position 96.000000 57.000000  orientation 0.00
layer front
$PAD "1"
Shape Circle Layer both
position  0.000000  0.000000  size  3.200000  3.200000  orientation 0.00
drill  3.200000
shape_offset  0.000000  0.000000
$EndPAD
$EndMODULE  H5

$MODULE "D4"
reference "D4"
value "MBR120"
footprint "Diode_SMD:D_SOD-123"
attribut smd
position 58.230000 35.560000  orientation 90.00
layer front
$PAD "2"
Shape Rect Layer front
position  1.650000  0.000000  size  0.900000  1.200000  orientation 0.00
drill  0.000000
shape_offset  0.000000  0.000000
$EndPAD
$PAD "1"
Shape Rect Layer front
position -1.650000  0.000000  size  0.900000  1.200000  orientation 0.00
drill  0.000000
shape_offset  0.000000  0.000000
$EndPAD
$EndMODULE  D4

$MODULE "J11"
reference "J11"
value "I2C"
footprint "Connector_PinHeader_2.54mm:PinHeader_1x04_P2.54mm_Vertical"
attribut none
position 97.790000 12.380000  orientation 0.00
layer front
$PAD "1"
Shape Rect Layer both
position  0.000000  0.000000  size  1.700000  1.700000  orientation 0.00
drill  1.000000
shape_offset  0.000000  0.000000
$EndPAD
$PAD "2"
Shape Oval Layer both
position  0.000000  2.540000  size  1.700000  1.700000  orientation 0.00
drill  1.000000
shape_offset  0.000000  0.000000
$EndPAD
$PAD "3"
Shape Oval Layer both
position  0.000000  5.080000  size  1.700000  1.700000  orientation 0.00
drill  1.000000
shape_offset  0.000000  0.000000
$EndPAD
$PAD "4"
Shape Oval Layer both
position  0.000000  7.620000  size  1.700000  1.700000  orientation 0.00
drill  1.000000
shape_offset  0.000000  0.000000
$EndPAD
$EndMODULE  J11

$MODULE "J4"
reference "J4"
value "HUZZAH"
footprint "Connector_PinHeader_2.54mm:PinHeader_1x16_P2.54mm_Vertical"
attribut none
position  6.350000 52.070000  orientation 180.00
layer front
$PAD "1"
Shape Rect Layer both
position  0.000000  0.000000  size  1.700000  1.700000  orientation 0.00
drill  1.000000
shape_offset  0.000000  0.000000
$EndPAD
$PAD "2"
Shape Oval Layer both
position  0.000000  2.540000  size  1.700000  1.700000  orientation 0.00
drill  1.000000
shape_offset  0.000000  0.000000
$EndPAD
$PAD "3"
Shape Oval Layer both
position  0.000000  5.080000  size  1.700000  1.700000  orientation 0.00
drill  1.000000
shape_offset  0.000000  0.000000
$EndPAD
$PAD "4"
Shape Oval Layer both
position  0.000000  7.620000  size  1.700000  1.700000  orientation 0.00
drill  1.000000
shape_offset  0.000000  0.000000
$EndPAD
$PAD "5"
Shape Oval Layer both
position  0.000000 10.160000  size  1.700000  1.700000  orientation 0.00
drill  1.000000
shape_offset  0.000000  0.000000
$EndPAD
$PAD "6"
Shape Oval Layer both
position  0.000000 12.700000  size  1.700000  1.700000  orientation 0.00
drill  1.000000
shape_offset  0.000000  0.000000
$EndPAD
$PAD "7"
Shape Oval Layer both
position  0.000000 15.240000  size  1.700000  1.700000  orientation 0.00
drill  1.000000
shape_offset  0.000000  0.000000
$EndPAD
$PAD "8"
Shape Oval Layer both
position  0.000000 17.780000  size  1.700000  1.700000  orientation 0.00
drill  1.000000
shape_offset  0.000000  0.000000
$EndPAD
$PAD "9"
Shape Oval Layer both
position  0.000000 20.320000  size  1.700000  1.700000  orientation 0.00
drill  1.000000
shape_offset  0.000000  0.000000
$EndPAD
$PAD "10"
Shape Oval Layer both
position  0.000000 22.860000  size  1.700000  1.700000  orientation 0.00
drill  1.000000
shape_offset  0.000000  0.000000
$EndPAD
$PAD "11"
Shape Oval Layer both
position  0.000000 25.400000  size  1.700000  1.700000  orientation 0.00
drill  1.000000
shape_offset  0.000000  0.000000
$EndPAD
$PAD "12"
Shape Oval Layer both
position  0.000000 27.940000  size  1.700000  1.700000  orientation 0.00
drill  1.000000
shape_offset  0.000000  0.000000
$EndPAD
$PAD "13"
Shape Oval Layer both
position  0.000000 30.480000  size  1.700000  1.700000  orientation 0.00
drill  1.000000
shape_offset  0.000000  0.000000
$EndPAD
$PAD "14"
Shape Oval Layer both
position  0.000000 33.020000  size  1.700000  1.700000  orientation 0.00
drill  1.000000
shape_offset  0.000000  0.000000
$EndPAD
$PAD "15"
Shape Oval Layer both
position  0.000000 35.560000  size  1.700000  1.700000  orientation 0.00
drill  1.000000
shape_offset  0.000000  0.000000
$EndPAD
$PAD "16"
Shape Oval Layer both
position  0.000000 38.100000  size  1.700000  1.700000  orientation 0.00
drill  1.000000
shape_offset  0.000000  0.000000
$EndPAD
$EndMODULE  J4

$MODULE "J3"
reference "J3"
value "HUZZAH"
footprint "Connector_PinHeader_2.54mm:PinHeader_1x12_P2.54mm_Vertical"
attribut none
position 31.750000 48.260000  orientation 180.00
layer front
$PAD "1"
Shape Rect Layer both
position  0.000000  0.000000  size  1.700000  1.700000  orientation 0.00
drill  1.000000
shape_offset  0.000000  0.000000
$EndPAD
$PAD "2"
Shape Oval Layer both
position  0.000000  2.540000  size  1.700000  1.700000  orientation 0.00
drill  1.000000
shape_offset  0.000000  0.000000
$EndPAD
$PAD "3"
Shape Oval Layer both
position  0.000000  5.080000  size  1.700000  1.700000  orientation 0.00
drill  1.000000
shape_offset  0.000000  0.000000
$EndPAD
$PAD "4"
Shape Oval Layer both
position  0.000000  7.620000  size  1.700000  1.700000  orientation 0.00
drill  1.000000
shape_offset  0.000000  0.000000
$EndPAD
$PAD "5"
Shape Oval Layer both
position  0.000000 10.160000  size  1.700000  1.700000  orientation 0.00
drill  1.000000
shape_offset  0.000000  0.000000
$EndPAD
$PAD "6"
Shape Oval Layer both
position  0.000000 12.700000  size  1.700000  1.700000  orientation 0.00
drill  1.000000
shape_offset  0.000000  0.000000
$EndPAD
$PAD "7"
Shape Oval Layer both
position  0.000000 15.240000  size  1.700000  1.700000  orientation 0.00
drill  1.000000
shape_offset  0.000000  0.000000
$EndPAD
$PAD "8"
Shape Oval Layer both
position  0.000000 17.780000  size  1.700000  1.700000  orientation 0.00
drill  1.000000
shape_offset  0.000000  0.000000
$EndPAD
$PAD "9"
Shape Oval Layer both
position  0.000000 20.320000  size  1.700000  1.700000  orientation 0.00
drill  1.000000
shape_offset  0.000000  0.000000
$EndPAD
$PAD "10"
Shape Oval Layer both
position  0.000000 22.860000  size  1.700000  1.700000  orientation 0.00
drill  1.000000
shape_offset  0.000000  0.000000
$EndPAD
$PAD "11"
Shape Oval Layer both
position  0.000000 25.400000  size  1.700000  1.700000  orientation 0.00
drill  1.000000
shape_offset  0.000000  0.000000
$EndPAD
$PAD "12"
Shape Oval Layer both
position  0.000000 27.940000  size  1.700000  1.700000  orientation 0.00
drill  1.000000
shape_offset  0.000000  0.000000
$EndPAD
$EndMODULE  J3

$MODULE "J1"
reference "J1"
value "PUMP_IN_1"
footprint "Connector_PinHeader_2.54mm:PinHeader_1x02_P2.54mm_Vertical"
attribut none
position 87.630000  1.270000  orientation 270.00
layer front
$PAD "1"
Shape Rect Layer both
position  0.000000  0.000000  size  1.700000  1.700000  orientation 0.00
drill  1.000000
shape_offset  0.000000  0.000000
$EndPAD
$PAD "2"
Shape Oval Layer both
position  0.000000  2.540000  size  1.700000  1.700000  orientation 0.00
drill  1.000000
shape_offset  0.000000  0.000000
$EndPAD
$EndMODULE  J1

$MODULE "J17"
reference "J17"
value "SD_SLOT"
footprint "Connector_Card:microSD_HC_Wuerth_693072010801"
attribut smd
position 83.200000 54.395000  orientation 180.00
layer front
$PAD "9"
Shape Rect Layer front
position  6.875000 -4.150000  size  1.450000  2.000000  orientation 0.00
drill  0.000000
shape_offset  0.000000  0.000000
$EndPAD
$PAD "9"
Shape Rect Layer front
position -6.875000 -4.150000  size  1.450000  2.000000  orientation 0.00
drill  0.000000
shape_offset  0.000000  0.000000
$EndPAD
$PAD "9"
Shape Rect Layer front
position -6.875000  4.150000  size  1.450000  2.000000  orientation 0.00
drill  0.000000
shape_offset  0.000000  0.000000
$EndPAD
$PAD "9"
Shape Rect Layer front
position  6.875000  4.150000  size  1.450000  2.000000  orientation 0.00
drill  0.000000
shape_offset  0.000000  0.000000
$EndPAD
$PAD "8"
Shape Rect Layer front
position  4.500000 -1.550000  size  0.800000  1.500000  orientation 0.00
drill  0.000000
shape_offset  0.000000  0.000000
$EndPAD
$PAD "7"
Shape Rect Layer front
position  3.400000 -1.550000  size  0.800000  1.500000  orientation 0.00
drill  0.000000
shape_offset  0.000000  0.000000
$EndPAD
$PAD "6"
Shape Rect Layer front
position  2.300000 -1.550000  size  0.800000  1.500000  orientation 0.00
drill  0.000000
shape_offset  0.000000  0.000000
$EndPAD
$PAD "5"
Shape Rect Layer front
position  1.200000 -1.550000  size  0.800000  1.500000  orientation 0.00
drill  0.000000
shape_offset  0.000000  0.000000
$EndPAD
$PAD "4"
Shape Rect Layer front
position  0.100000 -1.550000  size  0.800000  1.500000  orientation 0.00
drill  0.000000
shape_offset  0.000000  0.000000
$EndPAD
$PAD "3"
Shape Rect Layer front
position -1.000000 -1.550000  size  0.800000  1.500000  orientation 0.00
drill  0.000000
shape_offset  0.000000  0.000000
$EndPAD
$PAD "2"
Shape Rect Layer front
position -2.100000 -1.550000  size  0.800000  1.500000  orientation 0.00
drill  0.000000
shape_offset  0.000000  0.000000
$EndPAD
$PAD "1"
Shape Rect Layer front
position -3.200000 -1.550000  size  0.800000  1.500000  orientation 0.00
drill  0.000000
shape_offset  0.000000  0.000000
$EndPAD
$EndMODULE  J17

$MODULE "Q1"
reference "Q1"
value "MMBT2222"
footprint "Package_TO_SOT_SMD:SOT-23"
attribut smd
position 37.995000 34.315600  orientation 180.00
layer front
$PAD "1"
Shape Rect Layer front
position -1.000000 -0.950000  size  0.900000  0.800000  orientation 0.00
drill  0.000000
shape_offset  0.000000  0.000000
$EndPAD
$PAD "2"
Shape Rect Layer front
position -1.000000  0.950000  size  0.900000  0.800000  orientation 0.00
drill  0.000000
shape_offset  0.000000  0.000000
$EndPAD
$PAD "3"
Shape Rect Layer front
position  1.000000  0.000000  size  0.900000  0.800000  orientation 0.00
drill  0.000000
shape_offset  0.000000  0.000000
$EndPAD
$EndMODULE  Q1

$MODULE "Q2"
reference "Q2"
value "MMBT2222"
footprint "Package_TO_SOT_SMD:SOT-23"
attribut smd
position 44.695000 34.315600  orientation 0.00
layer front
$PAD "3"
Shape Rect Layer front
position  1.000000  0.000000  size  0.900000  0.800000  orientation 0.00
drill  0.000000
shape_offset  0.000000  0.000000
$EndPAD
$PAD "2"
Shape Rect Layer front
position -1.000000  0.950000  size  0.900000  0.800000  orientation 0.00
drill  0.000000
shape_offset  0.000000  0.000000
$EndPAD
$PAD "1"
Shape Rect Layer front
position -1.000000 -0.950000  size  0.900000  0.800000  orientation 0.00
drill  0.000000
shape_offset  0.000000  0.000000
$EndPAD
$EndMODULE  Q2

$MODULE "J7"
reference "J7"
value "Relay outputs"
footprint "Connector_PinHeader_2.54mm:PinHeader_1x08_P2.54mm_Vertical"
attribut none
position 60.960000  1.270000  orientation 270.00
layer front
$PAD "8"
Shape Oval Layer both
position  0.000000 17.780000  size  1.700000  1.700000  orientation 0.00
drill  1.000000
shape_offset  0.000000  0.000000
$EndPAD
$PAD "7"
Shape Oval Layer both
position  0.000000 15.240000  size  1.700000  1.700000  orientation 0.00
drill  1.000000
shape_offset  0.000000  0.000000
$EndPAD
$PAD "6"
Shape Oval Layer both
position  0.000000 12.700000  size  1.700000  1.700000  orientation 0.00
drill  1.000000
shape_offset  0.000000  0.000000
$EndPAD
$PAD "5"
Shape Oval Layer both
position  0.000000 10.160000  size  1.700000  1.700000  orientation 0.00
drill  1.000000
shape_offset  0.000000  0.000000
$EndPAD
$PAD "4"
Shape Oval Layer both
position  0.000000  7.620000  size  1.700000  1.700000  orientation 0.00
drill  1.000000
shape_offset  0.000000  0.000000
$EndPAD
$PAD "3"
Shape Oval Layer both
position  0.000000  5.080000  size  1.700000  1.700000  orientation 0.00
drill  1.000000
shape_offset  0.000000  0.000000
$EndPAD
$PAD "2"
Shape Oval Layer both
position  0.000000  2.540000  size  1.700000  1.700000  orientation 0.00
drill  1.000000
shape_offset  0.000000  0.000000
$EndPAD
$PAD "1"
Shape Rect Layer both
position  0.000000  0.000000  size  1.700000  1.700000  orientation 0.00
drill  1.000000
shape_offset  0.000000  0.000000
$EndPAD
$EndMODULE  J7

$MODULE "J14"
reference "J14"
value "UART_HARD"
footprint "Connector_PinHeader_2.54mm:PinHeader_1x04_P2.54mm_Vertical"
attribut none
position  1.270000 33.020000  orientation 180.00
layer front
$PAD "1"
Shape Rect Layer both
position  0.000000  0.000000  size  1.700000  1.700000  orientation 0.00
drill  1.000000
shape_offset  0.000000  0.000000
$EndPAD
$PAD "2"
Shape Oval Layer both
position  0.000000  2.540000  size  1.700000  1.700000  orientation 0.00
drill  1.000000
shape_offset  0.000000  0.000000
$EndPAD
$PAD "3"
Shape Oval Layer both
position  0.000000  5.080000  size  1.700000  1.700000  orientation 0.00
drill  1.000000
shape_offset  0.000000  0.000000
$EndPAD
$PAD "4"
Shape Oval Layer both
position  0.000000  7.620000  size  1.700000  1.700000  orientation 0.00
drill  1.000000
shape_offset  0.000000  0.000000
$EndPAD
$EndMODULE  J14

$MODULE "J15"
reference "J15"
value "UART_SOFT"
footprint "Connector_PinHeader_2.54mm:PinHeader_1x04_P2.54mm_Vertical"
attribut none
position  1.270000 45.720000  orientation 180.00
layer front
$PAD "4"
Shape Oval Layer both
position  0.000000  7.620000  size  1.700000  1.700000  orientation 0.00
drill  1.000000
shape_offset  0.000000  0.000000
$EndPAD
$PAD "3"
Shape Oval Layer both
position  0.000000  5.080000  size  1.700000  1.700000  orientation 0.00
drill  1.000000
shape_offset  0.000000  0.000000
$EndPAD
$PAD "2"
Shape Oval Layer both
position  0.000000  2.540000  size  1.700000  1.700000  orientation 0.00
drill  1.000000
shape_offset  0.000000  0.000000
$EndPAD
$PAD "1"
Shape Rect Layer both
position  0.000000  0.000000  size  1.700000  1.700000  orientation 0.00
drill  1.000000
shape_offset  0.000000  0.000000
$EndPAD
$EndMODULE  J15

$MODULE "H1"
reference "H1"
value "MountingHole"
footprint "MountingHole:MountingHole_3.2mm_M3_ISO14580"
attribut virtual
position  3.000000  3.000000  orientation 0.00
layer front
$PAD "1"
Shape Circle Layer both
position  0.000000  0.000000  size  3.200000  3.200000  orientation 0.00
drill  3.200000
shape_offset  0.000000  0.000000
$EndPAD
$EndMODULE  H1

$MODULE "H2"
reference "H2"
value "MountingHole"
footprint "MountingHole:MountingHole_3.2mm_M3_ISO14580"
attribut virtual
position  3.000000 57.000000  orientation 0.00
layer front
$PAD "1"
Shape Circle Layer both
position  0.000000  0.000000  size  3.200000  3.200000  orientation 0.00
drill  3.200000
shape_offset  0.000000  0.000000
$EndPAD
$EndMODULE  H2

$MODULE "J2"
reference "J2"
value "PUMP_OUT_1"
footprint "Connector_PinHeader_2.54mm:PinHeader_1x02_P2.54mm_Vertical"
attribut none
position 67.945000  1.270000  orientation 270.00
layer front
$PAD "1"
Shape Rect Layer both
position  0.000000  0.000000  size  1.700000  1.700000  orientation 0.00
drill  1.000000
shape_offset  0.000000  0.000000
$EndPAD
$PAD "2"
Shape Oval Layer both
position  0.000000  2.540000  size  1.700000  1.700000  orientation 0.00
drill  1.000000
shape_offset  0.000000  0.000000
$EndPAD
$EndMODULE  J2

$MODULE "J5"
reference "J5"
value "HALL_1"
footprint "Connector_PinHeader_2.54mm:PinHeader_1x03_P2.54mm_Vertical"
attribut none
position 16.510000  1.270000  orientation 270.00
layer front
$PAD "1"
Shape Rect Layer both
position  0.000000  0.000000  size  1.700000  1.700000  orientation 0.00
drill  1.000000
shape_offset  0.000000  0.000000
$EndPAD
$PAD "2"
Shape Oval Layer both
position  0.000000  2.540000  size  1.700000  1.700000  orientation 0.00
drill  1.000000
shape_offset  0.000000  0.000000
$EndPAD
$PAD "3"
Shape Oval Layer both
position  0.000000  5.080000  size  1.700000  1.700000  orientation 0.00
drill  1.000000
shape_offset  0.000000  0.000000
$EndPAD
$EndMODULE  J5

$MODULE "J8"
reference "J8"
value "Analog_33"
footprint "Connector_PinHeader_2.54mm:PinHeader_1x03_P2.54mm_Vertical"
attribut none
position 26.670000  1.270000  orientation 270.00
layer front
$PAD "1"
Shape Rect Layer both
position  0.000000  0.000000  size  1.700000  1.700000  orientation 0.00
drill  1.000000
shape_offset  0.000000  0.000000
$EndPAD
$PAD "2"
Shape Oval Layer both
position  0.000000  2.540000  size  1.700000  1.700000  orientation 0.00
drill  1.000000
shape_offset  0.000000  0.000000
$EndPAD
$PAD "3"
Shape Oval Layer both
position  0.000000  5.080000  size  1.700000  1.700000  orientation 0.00
drill  1.000000
shape_offset  0.000000  0.000000
$EndPAD
$EndMODULE  J8

$MODULE "J10"
reference "J10"
value "Analog_33"
footprint "Connector_PinHeader_2.54mm:PinHeader_1x03_P2.54mm_Vertical"
attribut none
position 26.670000  6.350000  orientation 270.00
layer front
$PAD "3"
Shape Oval Layer both
position  0.000000  5.080000  size  1.700000  1.700000  orientation 0.00
drill  1.000000
shape_offset  0.000000  0.000000
$EndPAD
$PAD "2"
Shape Oval Layer both
position  0.000000  2.540000  size  1.700000  1.700000  orientation 0.00
drill  1.000000
shape_offset  0.000000  0.000000
$EndPAD
$PAD "1"
Shape Rect Layer both
position  0.000000  0.000000  size  1.700000  1.700000  orientation 0.00
drill  1.000000
shape_offset  0.000000  0.000000
$EndPAD
$EndMODULE  J10

$MODULE "D1"
reference "D1"
value "Did"
footprint "Diode_THT:D_DO-34_SOD68_P7.62mm_Horizontal"
attribut none
position 90.900000  4.770000  orientation 270.00
layer front
$PAD "2"
Shape Oval Layer both
position  7.620000  0.000000  size  1.500000  1.500000  orientation 0.00
drill  0.750000
shape_offset  0.000000  0.000000
$EndPAD
$PAD "1"
Shape Rect Layer both
position  0.000000  0.000000  size  1.500000  1.500000  orientation 0.00
drill  0.750000
shape_offset  0.000000  0.000000
$EndPAD
$EndMODULE  D1

$MODULE "D2"
reference "D2"
value "integrated LED"
footprint "LED_THT:LED_D3.0mm_Clear"
attribut none
position 26.035000 19.685000  orientation 270.00
layer front
$PAD "1"
Shape Rect Layer both
position  0.000000  0.000000  size  1.800000  1.800000  orientation 0.00
drill  0.900000
shape_offset  0.000000  0.000000
$EndPAD
$PAD "2"
Shape Circle Layer both
position  2.540000  0.000000  size  1.800000  1.800000  orientation 0.00
drill  0.900000
shape_offset  0.000000  0.000000
$EndPAD
$EndMODULE  D2

$MODULE "D3"
reference "D3"
value "D_GND"
footprint "Diode_THT:D_DO-34_SOD68_P7.62mm_Horizontal"
attribut none
position 60.960000 25.400000  orientation 90.00
layer front
$PAD "1"
Shape Rect Layer both
position  0.000000  0.000000  size  1.500000  1.500000  orientation 0.00
drill  0.750000
shape_offset  0.000000  0.000000
$EndPAD
$PAD "2"
Shape Oval Layer both
position  7.620000  0.000000  size  1.500000  1.500000  orientation 0.00
drill  0.750000
shape_offset  0.000000  0.000000
$EndPAD
$EndMODULE  D3

$MODULE "J6"
reference "J6"
value "Analog_50"
footprint "Connector_PinSocket_2.54mm:PinSocket_1x04_P2.54mm_Vertical"
attribut none
position 39.370000  6.350000  orientation 270.00
layer front
$PAD "4"
Shape Oval Layer both
position  0.000000  7.620000  size  1.700000  1.700000  orientation 0.00
drill  1.000000
shape_offset  0.000000  0.000000
$EndPAD
$PAD "3"
Shape Oval Layer both
position  0.000000  5.080000  size  1.700000  1.700000  orientation 0.00
drill  1.000000
shape_offset  0.000000  0.000000
$EndPAD
$PAD "2"
Shape Oval Layer both
position  0.000000  2.540000  size  1.700000  1.700000  orientation 0.00
drill  1.000000
shape_offset  0.000000  0.000000
$EndPAD
$PAD "1"
Shape Rect Layer both
position  0.000000  0.000000  size  1.700000  1.700000  orientation 0.00
drill  1.000000
shape_offset  0.000000  0.000000
$EndPAD
$EndMODULE  J6

$MODULE "J9"
reference "J9"
value "Analog_50"
footprint "Connector_PinSocket_2.54mm:PinSocket_1x04_P2.54mm_Vertical"
attribut none
position 39.370000  1.270000  orientation 270.00
layer front
$PAD "1"
Shape Rect Layer both
position  0.000000  0.000000  size  1.700000  1.700000  orientation 0.00
drill  1.000000
shape_offset  0.000000  0.000000
$EndPAD
$PAD "2"
Shape Oval Layer both
position  0.000000  2.540000  size  1.700000  1.700000  orientation 0.00
drill  1.000000
shape_offset  0.000000  0.000000
$EndPAD
$PAD "3"
Shape Oval Layer both
position  0.000000  5.080000  size  1.700000  1.700000  orientation 0.00
drill  1.000000
shape_offset  0.000000  0.000000
$EndPAD
$PAD "4"
Shape Oval Layer both
position  0.000000  7.620000  size  1.700000  1.700000  orientation 0.00
drill  1.000000
shape_offset  0.000000  0.000000
$EndPAD
$EndMODULE  J9

$MODULE "J13"
reference "J13"
value "5V_IN"
footprint "Connector_BarrelJack:BarrelJack_Horizontal"
attribut none
position 61.800000 50.645000  orientation 90.00
layer front
$PAD "1"
Shape Rect Layer both
position  0.000000  0.000000  size  3.500000  3.500000  orientation 0.00
drill  1.000000
shape_offset  0.000000  0.000000
$EndPAD
$PAD "2"
Shape Roundrect Layer both
position -6.000000  0.000000  size  3.000000  3.500000  orientation 0.00
drill  1.000000
shape_offset  0.000000  0.000000
$EndPAD
$PAD "3"
Shape Roundrect Layer both
position -3.000000  4.700000  size  3.500000  3.500000  orientation 0.00
drill  3.000000
shape_offset  0.000000  0.000000
$EndPAD
$EndMODULE  J13

$MODULE "U2"
reference "U2"
value "74HC595"
footprint "Package_SO:SOIC-16_3.9x9.9mm_P1.27mm"
attribut smd
position 50.800000 12.065000  orientation 270.00
layer front
$PAD "1"
Shape Roundrect Layer front
position -2.475000 -4.445000  size  1.950000  0.600000  orientation 0.00
drill  0.000000
shape_offset  0.000000  0.000000
$EndPAD
$PAD "2"
Shape Roundrect Layer front
position -2.475000 -3.175000  size  1.950000  0.600000  orientation 0.00
drill  0.000000
shape_offset  0.000000  0.000000
$EndPAD
$PAD "3"
Shape Roundrect Layer front
position -2.475000 -1.905000  size  1.950000  0.600000  orientation 0.00
drill  0.000000
shape_offset  0.000000  0.000000
$EndPAD
$PAD "4"
Shape Roundrect Layer front
position -2.475000 -0.635000  size  1.950000  0.600000  orientation 0.00
drill  0.000000
shape_offset  0.000000  0.000000
$EndPAD
$PAD "5"
Shape Roundrect Layer front
position -2.475000  0.635000  size  1.950000  0.600000  orientation 0.00
drill  0.000000
shape_offset  0.000000  0.000000
$EndPAD
$PAD "6"
Shape Roundrect Layer front
position -2.475000  1.905000  size  1.950000  0.600000  orientation 0.00
drill  0.000000
shape_offset  0.000000  0.000000
$EndPAD
$PAD "7"
Shape Roundrect Layer front
position -2.475000  3.175000  size  1.950000  0.600000  orientation 0.00
drill  0.000000
shape_offset  0.000000  0.000000
$EndPAD
$PAD "8"
Shape Roundrect Layer front
position -2.475000  4.445000  size  1.950000  0.600000  orientation 0.00
drill  0.000000
shape_offset  0.000000  0.000000
$EndPAD
$PAD "9"
Shape Roundrect Layer front
position  2.475000  4.445000  size  1.950000  0.600000  orientation 0.00
drill  0.000000
shape_offset  0.000000  0.000000
$EndPAD
$PAD "10"
Shape Roundrect Layer front
position  2.475000  3.175000  size  1.950000  0.600000  orientation 0.00
drill  0.000000
shape_offset  0.000000  0.000000
$EndPAD
$PAD "11"
Shape Roundrect Layer front
position  2.475000  1.905000  size  1.950000  0.600000  orientation 0.00
drill  0.000000
shape_offset  0.000000  0.000000
$EndPAD
$PAD "12"
Shape Roundrect Layer front
position  2.475000  0.635000  size  1.950000  0.600000  orientation 0.00
drill  0.000000
shape_offset  0.000000  0.000000
$EndPAD
$PAD "13"
Shape Roundrect Layer front
position  2.475000 -0.635000  size  1.950000  0.600000  orientation 0.00
drill  0.000000
shape_offset  0.000000  0.000000
$EndPAD
$PAD "14"
Shape Roundrect Layer front
position  2.475000 -1.905000  size  1.950000  0.600000  orientation 0.00
drill  0.000000
shape_offset  0.000000  0.000000
$EndPAD
$PAD "15"
Shape Roundrect Layer front
position  2.475000 -3.175000  size  1.950000  0.600000  orientation 0.00
drill  0.000000
shape_offset  0.000000  0.000000
$EndPAD
$PAD "16"
Shape Roundrect Layer front
position  2.475000 -4.445000  size  1.950000  0.600000  orientation 0.00
drill  0.000000
shape_offset  0.000000  0.000000
$EndPAD
$EndMODULE  U2

$MODULE "C1"
reference "C1"
value "10uF"
footprint "Capacitor_SMD:C_0603_1608Metric_Pad1.05x0.95mm_HandSolder"
attribut smd
position 20.080000 19.050000  orientation 180.00
layer front
$PAD "1"
Shape Roundrect Layer front
position -0.875000  0.000000  size  1.050000  0.950000  orientation 0.00
drill  0.000000
shape_offset  0.000000  0.000000
$EndPAD
$PAD "2"
Shape Roundrect Layer front
position  0.875000  0.000000  size  1.050000  0.950000  orientation 0.00
drill  0.000000
shape_offset  0.000000  0.000000
$EndPAD
$EndMODULE  C1

$MODULE "C2"
reference "C2"
value "10uF"
footprint "Capacitor_SMD:C_0603_1608Metric_Pad1.05x0.95mm_HandSolder"
attribut smd
position 36.120000 45.535000  orientation 90.00
layer front
$PAD "2"
Shape Roundrect Layer front
position  0.875000  0.000000  size  1.050000  0.950000  orientation 0.00
drill  0.000000
shape_offset  0.000000  0.000000
$EndPAD
$PAD "1"
Shape Roundrect Layer front
position -0.875000  0.000000  size  1.050000  0.950000  orientation 0.00
drill  0.000000
shape_offset  0.000000  0.000000
$EndPAD
$EndMODULE  C2

$MODULE "C3"
reference "C3"
value "1uF"
footprint "Capacitor_SMD:C_0603_1608Metric_Pad1.05x0.95mm_HandSolder"
attribut smd
position 64.435000 35.735000  orientation 270.00
layer front
$PAD "2"
Shape Roundrect Layer front
position  0.875000  0.000000  size  1.050000  0.950000  orientation 0.00
drill  0.000000
shape_offset  0.000000  0.000000
$EndPAD
$PAD "1"
Shape Roundrect Layer front
position -0.875000  0.000000  size  1.050000  0.950000  orientation 0.00
drill  0.000000
shape_offset  0.000000  0.000000
$EndPAD
$EndMODULE  C3

$MODULE "C4"
reference "C4"
value "10uF"
footprint "Capacitor_SMD:C_0603_1608Metric_Pad1.05x0.95mm_HandSolder"
attribut smd
position 65.935000 35.735000  orientation 270.00
layer front
$PAD "1"
Shape Roundrect Layer front
position -0.875000  0.000000  size  1.050000  0.950000  orientation 0.00
drill  0.000000
shape_offset  0.000000  0.000000
$EndPAD
$PAD "2"
Shape Roundrect Layer front
position  0.875000  0.000000  size  1.050000  0.950000  orientation 0.00
drill  0.000000
shape_offset  0.000000  0.000000
$EndPAD
$EndMODULE  C4

$MODULE "C5"
reference "C5"
value "10uF"
footprint "Capacitor_SMD:C_0603_1608Metric_Pad1.05x0.95mm_HandSolder"
attribut smd
position 53.240000 39.090000  orientation 180.00
layer front
$PAD "1"
Shape Roundrect Layer front
position -0.875000  0.000000  size  1.050000  0.950000  orientation 0.00
drill  0.000000
shape_offset  0.000000  0.000000
$EndPAD
$PAD "2"
Shape Roundrect Layer front
position  0.875000  0.000000  size  1.050000  0.950000  orientation 0.00
drill  0.000000
shape_offset  0.000000  0.000000
$EndPAD
$EndMODULE  C5

$MODULE "R1"
reference "R1"
value "1K"
footprint "Resistor_SMD:R_0603_1608Metric"
attribut smd
position 21.107500 23.495000  orientation 180.00
layer front
$PAD "2"
Shape Roundrect Layer front
position  0.787500  0.000000  size  0.875000  0.950000  orientation 0.00
drill  0.000000
shape_offset  0.000000  0.000000
$EndPAD
$PAD "1"
Shape Roundrect Layer front
position -0.787500  0.000000  size  0.875000  0.950000  orientation 0.00
drill  0.000000
shape_offset  0.000000  0.000000
$EndPAD
$EndMODULE  R1

$MODULE "R2"
reference "R2"
value "10K"
footprint "Resistor_SMD:R_0603_1608Metric"
attribut smd
position 10.005000 38.097500  orientation 270.00
layer front
$PAD "1"
Shape Roundrect Layer front
position -0.787500  0.000000  size  0.875000  0.950000  orientation 0.00
drill  0.000000
shape_offset  0.000000  0.000000
$EndPAD
$PAD "2"
Shape Roundrect Layer front
position  0.787500  0.000000  size  0.875000  0.950000  orientation 0.00
drill  0.000000
shape_offset  0.000000  0.000000
$EndPAD
$EndMODULE  R2

$MODULE "R7"
reference "R7"
value "100K"
footprint "Resistor_SMD:R_0603_1608Metric"
attribut smd
position 58.340000 40.130000  orientation 180.00
layer front
$PAD "2"
Shape Roundrect Layer front
position  0.787500  0.000000  size  0.875000  0.950000  orientation 0.00
drill  0.000000
shape_offset  0.000000  0.000000
$EndPAD
$PAD "1"
Shape Roundrect Layer front
position -0.787500  0.000000  size  0.875000  0.950000  orientation 0.00
drill  0.000000
shape_offset  0.000000  0.000000
$EndPAD
$EndMODULE  R7

$MODULE "R8"
reference "R8"
value "100K"
footprint "Resistor_SMD:R_0603_1608Metric"
attribut smd
position 53.822500 33.655000  orientation 180.00
layer front
$PAD "2"
Shape Roundrect Layer front
position  0.787500  0.000000  size  0.875000  0.950000  orientation 0.00
drill  0.000000
shape_offset  0.000000  0.000000
$EndPAD
$PAD "1"
Shape Roundrect Layer front
position -0.787500  0.000000  size  0.875000  0.950000  orientation 0.00
drill  0.000000
shape_offset  0.000000  0.000000
$EndPAD
$EndMODULE  R8

$MODULE "R9"
reference "R9"
value "10K"
footprint "Resistor_SMD:R_0603_1608Metric"
attribut smd
position 41.345000 35.284800  orientation 0.00
layer front
$PAD "2"
Shape Roundrect Layer front
position  0.787500  0.000000  size  0.875000  0.950000  orientation 0.00
drill  0.000000
shape_offset  0.000000  0.000000
$EndPAD
$PAD "1"
Shape Roundrect Layer front
position -0.787500  0.000000  size  0.875000  0.950000  orientation 0.00
drill  0.000000
shape_offset  0.000000  0.000000
$EndPAD
$EndMODULE  R9

$MODULE "R10"
reference "R10"
value "10K"
footprint "Resistor_SMD:R_0603_1608Metric"
attribut smd
position 41.345000 33.359400  orientation 180.00
layer front
$PAD "1"
Shape Roundrect Layer front
position -0.787500  0.000000  size  0.875000  0.950000  orientation 0.00
drill  0.000000
shape_offset  0.000000  0.000000
$EndPAD
$PAD "2"
Shape Roundrect Layer front
position  0.787500  0.000000  size  0.875000  0.950000  orientation 0.00
drill  0.000000
shape_offset  0.000000  0.000000
$EndPAD
$EndMODULE  R10

$MODULE "R11"
reference "R11"
value "1K"
footprint "Resistor_SMD:R_0603_1608Metric"
attribut smd
position 36.050000 41.677500  orientation 270.00
layer front
$PAD "1"
Shape Roundrect Layer front
position -0.787500  0.000000  size  0.875000  0.950000  orientation 0.00
drill  0.000000
shape_offset  0.000000  0.000000
$EndPAD
$PAD "2"
Shape Roundrect Layer front
position  0.787500  0.000000  size  0.875000  0.950000  orientation 0.00
drill  0.000000
shape_offset  0.000000  0.000000
$EndPAD
$EndMODULE  R11

$MODULE "S1"
reference "S1"
value "reset"
footprint "Button_Switch_SMD:SW_Push_1P1T_NO_6x6mm_H9.5mm"
attribut smd
position 15.240000 29.210000  orientation 0.00
layer front
$PAD "2"
Shape Rect Layer front
position  3.975000  2.250000  size  1.550000  1.300000  orientation 0.00
drill  0.000000
shape_offset  0.000000  0.000000
$EndPAD
$PAD "1"
Shape Rect Layer front
position  3.975000 -2.250000  size  1.550000  1.300000  orientation 0.00
drill  0.000000
shape_offset  0.000000  0.000000
$EndPAD
$PAD "1"
Shape Rect Layer front
position -3.975000 -2.250000  size  1.550000  1.300000  orientation 0.00
drill  0.000000
shape_offset  0.000000  0.000000
$EndPAD
$PAD "2"
Shape Rect Layer front
position -3.975000  2.250000  size  1.550000  1.300000  orientation 0.00
drill  0.000000
shape_offset  0.000000  0.000000
$EndPAD
$EndMODULE  S1

$MODULE "S2"
reference "S2"
value "enter"
footprint "Button_Switch_SMD:SW_Push_1P1T_NO_6x6mm_H9.5mm"
attribut smd
position 92.000000 32.000000  orientation 0.00
layer front
$PAD "2"
Shape Rect Layer front
position -3.975000  2.250000  size  1.550000  1.300000  orientation 0.00
drill  0.000000
shape_offset  0.000000  0.000000
$EndPAD
$PAD "1"
Shape Rect Layer front
position -3.975000 -2.250000  size  1.550000  1.300000  orientation 0.00
drill  0.000000
shape_offset  0.000000  0.000000
$EndPAD
$PAD "1"
Shape Rect Layer front
position  3.975000 -2.250000  size  1.550000  1.300000  orientation 0.00
drill  0.000000
shape_offset  0.000000  0.000000
$EndPAD
$PAD "2"
Shape Rect Layer front
position  3.975000  2.250000  size  1.550000  1.300000  orientation 0.00
drill  0.000000
shape_offset  0.000000  0.000000
$EndPAD
$EndMODULE  S2

$MODULE "S3"
reference "S3"
value "up"
footprint "Button_Switch_SMD:SW_Push_1P1T_NO_6x6mm_H9.5mm"
attribut smd
position 83.000000 25.000000  orientation 0.00
layer front
$PAD "2"
Shape Rect Layer front
position -3.975000  2.250000  size  1.550000  1.300000  orientation 0.00
drill  0.000000
shape_offset  0.000000  0.000000
$EndPAD
$PAD "1"
Shape Rect Layer front
position -3.975000 -2.250000  size  1.550000  1.300000  orientation 0.00
drill  0.000000
shape_offset  0.000000  0.000000
$EndPAD
$PAD "1"
Shape Rect Layer front
position  3.975000 -2.250000  size  1.550000  1.300000  orientation 0.00
drill  0.000000
shape_offset  0.000000  0.000000
$EndPAD
$PAD "2"
Shape Rect Layer front
position  3.975000  2.250000  size  1.550000  1.300000  orientation 0.00
drill  0.000000
shape_offset  0.000000  0.000000
$EndPAD
$EndMODULE  S3

$MODULE "S4"
reference "S4"
value "exit"
footprint "Button_Switch_SMD:SW_Push_1P1T_NO_6x6mm_H9.5mm"
attribut smd
position 74.000000 32.000000  orientation 0.00
layer front
$PAD "2"
Shape Rect Layer front
position  3.975000  2.250000  size  1.550000  1.300000  orientation 0.00
drill  0.000000
shape_offset  0.000000  0.000000
$EndPAD
$PAD "1"
Shape Rect Layer front
position  3.975000 -2.250000  size  1.550000  1.300000  orientation 0.00
drill  0.000000
shape_offset  0.000000  0.000000
$EndPAD
$PAD "1"
Shape Rect Layer front
position -3.975000 -2.250000  size  1.550000  1.300000  orientation 0.00
drill  0.000000
shape_offset  0.000000  0.000000
$EndPAD
$PAD "2"
Shape Rect Layer front
position -3.975000  2.250000  size  1.550000  1.300000  orientation 0.00
drill  0.000000
shape_offset  0.000000  0.000000
$EndPAD
$EndMODULE  S4

$MODULE "S5"
reference "S5"
value "down"
footprint "Button_Switch_SMD:SW_Push_1P1T_NO_6x6mm_H9.5mm"
attribut smd
position 83.000000 39.000000  orientation 0.00
layer front
$PAD "2"
Shape Rect Layer front
position -3.975000  2.250000  size  1.550000  1.300000  orientation 0.00
drill  0.000000
shape_offset  0.000000  0.000000
$EndPAD
$PAD "1"
Shape Rect Layer front
position -3.975000 -2.250000  size  1.550000  1.300000  orientation 0.00
drill  0.000000
shape_offset  0.000000  0.000000
$EndPAD
$PAD "1"
Shape Rect Layer front
position  3.975000 -2.250000  size  1.550000  1.300000  orientation 0.00
drill  0.000000
shape_offset  0.000000  0.000000
$EndPAD
$PAD "2"
Shape Rect Layer front
position  3.975000  2.250000  size  1.550000  1.300000  orientation 0.00
drill  0.000000
shape_offset  0.000000  0.000000
$EndPAD
$EndMODULE  S5

$EndDESCRIPTION
